Running: /opt/Xilinx/14.7/ISE_DS/ISE/bin/lin64/unwrapped/fuse -intstyle ise -incremental -lib secureip -o /home/hekciu/programming/xilinx-ise-probe/demo/Blinky_isim_beh.exe -prj /home/hekciu/programming/xilinx-ise-probe/demo/Blinky_beh.prj work.Blinky 
ISim P.20131013 (signature 0xfbc00daa)
Number of CPUs detected in this system: 4
Turning on mult-threading, number of parallel sub-compilation jobs: 8 
Determining compilation order of HDL files
Parsing VHDL file "/home/hekciu/programming/xilinx-ise-probe/demo/Blinky.vhd" into library work
Starting static elaboration
Completed static elaboration
Fuse Memory Usage: 82760 KB
Fuse CPU Usage: 2100 ms
Compiling package standard
Compiling package std_logic_1164
Compiling architecture behavioral of entity blinky
Time Resolution for simulation is 1ps.
Waiting for 1 sub-compilation(s) to finish...
Compiled 3 VHDL Units
Built simulation executable /home/hekciu/programming/xilinx-ise-probe/demo/Blinky_isim_beh.exe
Fuse Memory Usage: 648456 KB
Fuse CPU Usage: 2150 ms
GCC CPU Usage: 430 ms
