ISim log file
Running: /home/hekciu/programming/xilinx-ise-probe/demo/Blinky_isim_beh.exe -intstyle ise -gui -tclbatch isim.cmd -wdb /home/hekciu/programming/xilinx-ise-probe/demo/Blinky_isim_beh.wdb 
ISim P.20131013 (signature 0xfbc00daa)
WARNING: A WEBPACK license was found.
WARNING: Please use Xilinx License Configuration Manager to check out a full ISim license.
WARNING: ISim will run in Lite mode. Please refer to the ISim documentation for more information on the differences between the Lite and the Full version.
This is a Lite version of ISim.
Time resolution is 1 ps
# onerror resume
# wave add /
# run 1000 ns
Simulator is doing circuit initialization process.
Finished circuit initialization process.
# exit 0
# isim force add /blinky/i_enable 1 -radix bin
# isim force add /blinky/i_enable 1 -radix bin
# isim force add /blinky/i_switch_1 0 -radix bin
# isim force add /blinky/i_switch_1 0 -radix bin
# isim force add /blinky/i_switch_2 0 -radix bin
# isim force add /blinky/i_switch_2 0 -radix bin
# isim force add /blinky/i_clock 0 -radix bin -value 1 -radix bin -time 200 us -repeat 400 us
# isim force add /blinky/i_clock 0 -radix bin -value 1 -radix bin -time 200 us -repeat 400 us
# run all
Stopped at time : -4897130872709551616 fs : File "/home/hekciu/programming/xilinx-ise-probe/demo/Blinky.vhd" Line 63
# exit 0
